1507779822691	geckodriver	INFO	geckodriver 0.19.0
1507779822705	geckodriver	INFO	Listening on 127.0.0.1:6719
1507779824731	mozrunner::runner	INFO	Running command: "D:\\Program Files\\Mozilla Firefox\\firefox.exe" "-marionette" "-profile" "C:\\Users\\homelink\\AppData\\Local\\Temp\\rust_mozprofile.oJSKvD83ooTT"
1507779825510	addons.xpi	WARN	Error parsing extensions state: [Exception... "Component returned failure code: 0x80520012 (NS_ERROR_FILE_NOT_FOUND) [amIAddonManagerStartup.readStartupData]"  nsresult: "0x80520012 (NS_ERROR_FILE_NOT_FOUND)"  location: "JS frame :: resource://gre/modules/addons/XPIProvider.jsm :: loadExtensionState :: line 1554"  data: no] Stack trace: loadExtensionState()@resource://gre/modules/addons/XPIProvider.jsm:1554 < getInstallState()@resource://gre/modules/addons/XPIProvider.jsm:1589 < checkForChanges()@resource://gre/modules/addons/XPIProvider.jsm:3109 < startup()@resource://gre/modules/addons/XPIProvider.jsm:2188 < callProvider()@resource://gre/modules/AddonManager.jsm:269 < _startProvider()@resource://gre/modules/AddonManager.jsm:739 < startup()@resource://gre/modules/AddonManager.jsm:906 < startup()@resource://gre/modules/AddonManager.jsm:3090 < observe()@jar:file:///D:/Program%20Files/Mozilla%20Firefox/omni.ja!/components/addonManager.js:65
1507779825958	Marionette	INFO	Enabled via --marionette
Unable to read VR Path Registry from C:\Users\homelink\AppData\Local\openvr\openvrpaths.vrpath
[Child 7152] WARNING: pipe error: 109: file z:/build/build/src/ipc/chromium/src/chrome/common/ipc_channel_win.cc, line 346
[Child 7152] WARNING: pipe error: 109: file z:/build/build/src/ipc/chromium/src/chrome/common/ipc_channel_win.cc, line 346
1507779828313	Marionette	INFO	Listening on port 6731
1507779828480	Marionette	WARN	TLS certificate errors will be ignored for this session
1507779828515	Marionette	DEBUG	Register listener.js for window 4294967297
1507779828558	Marionette	DEBUG	Received DOM event "beforeunload" for "about:blank"
1507779829625	Marionette	DEBUG	Received DOM event "pagehide" for "about:blank"
1507779829625	Marionette	DEBUG	Received DOM event "unload" for "about:blank"
1507779829631	Marionette	DEBUG	Received DOM event "DOMContentLoaded" for "http://localhost:8000/"
1507779829638	Marionette	DEBUG	Received DOM event "pageshow" for "http://localhost:8000/"
1507779833155	addons.productaddons	WARN	Failed downloading via XHR, status: 0, reason: error
Unable to read VR Path Registry from C:\Users\homelink\AppData\Local\openvr\openvrpaths.vrpath
[Child 9440] WARNING: pipe error: 109: file z:/build/build/src/ipc/chromium/src/chrome/common/ipc_channel_win.cc, line 346
[Child 9440] WARNING: pipe error: 109: file z:/build/build/src/ipc/chromium/src/chrome/common/ipc_channel_win.cc, line 346
Unable to read VR Path Registry from C:\Users\homelink\AppData\Local\openvr\openvrpaths.vrpath
[Child 3664] WARNING: pipe error: 109: file z:/build/build/src/ipc/chromium/src/chrome/common/ipc_channel_win.cc, line 346
[Child 3664] WARNING: pipe error: 109: file z:/build/build/src/ipc/chromium/src/chrome/common/ipc_channel_win.cc, line 346
*** UTM:SVC TimerManager:registerTimer called after profile-before-change notification. Ignoring timer registration for id: telemetry_modules_ping
Unable to read VR Path Registry from C:\Users\homelink\AppData\Local\openvr\openvrpaths.vrpath
1507779878219	geckodriver	INFO	geckodriver 0.19.0
1507779878227	geckodriver	INFO	Listening on 127.0.0.1:6788
1507779880281	mozrunner::runner	INFO	Running command: "D:\\Program Files\\Mozilla Firefox\\firefox.exe" "-marionette" "-profile" "C:\\Users\\homelink\\AppData\\Local\\Temp\\rust_mozprofile.31lGedy80gu7"
1507779880508	addons.xpi	WARN	Error parsing extensions state: [Exception... "Component returned failure code: 0x80520012 (NS_ERROR_FILE_NOT_FOUND) [amIAddonManagerStartup.readStartupData]"  nsresult: "0x80520012 (NS_ERROR_FILE_NOT_FOUND)"  location: "JS frame :: resource://gre/modules/addons/XPIProvider.jsm :: loadExtensionState :: line 1554"  data: no] Stack trace: loadExtensionState()@resource://gre/modules/addons/XPIProvider.jsm:1554 < getInstallState()@resource://gre/modules/addons/XPIProvider.jsm:1589 < checkForChanges()@resource://gre/modules/addons/XPIProvider.jsm:3109 < startup()@resource://gre/modules/addons/XPIProvider.jsm:2188 < callProvider()@resource://gre/modules/AddonManager.jsm:269 < _startProvider()@resource://gre/modules/AddonManager.jsm:739 < startup()@resource://gre/modules/AddonManager.jsm:906 < startup()@resource://gre/modules/AddonManager.jsm:3090 < observe()@jar:file:///D:/Program%20Files/Mozilla%20Firefox/omni.ja!/components/addonManager.js:65
1507779880858	Marionette	INFO	Enabled via --marionette
Unable to read VR Path Registry from C:\Users\homelink\AppData\Local\openvr\openvrpaths.vrpath
[Child 9204] WARNING: pipe error: 109: file z:/build/build/src/ipc/chromium/src/chrome/common/ipc_channel_win.cc, line 346
[Child 9204] WARNING: pipe error: 109: file z:/build/build/src/ipc/chromium/src/chrome/common/ipc_channel_win.cc, line 346
1507779882362	Marionette	INFO	Listening on port 6794
1507779883417	Marionette	WARN	TLS certificate errors will be ignored for this session
1507779883461	Marionette	DEBUG	Register listener.js for window 4294967297
1507779883491	Marionette	DEBUG	Received DOM event "beforeunload" for "about:blank"
1507779884505	Marionette	DEBUG	Received DOM event "pagehide" for "about:blank"
1507779884506	Marionette	DEBUG	Received DOM event "unload" for "about:blank"
1507779884520	Marionette	DEBUG	Received DOM event "DOMContentLoaded" for "http://localhost:8000/"
1507779884531	Marionette	DEBUG	Received DOM event "pageshow" for "http://localhost:8000/"
Unable to read VR Path Registry from C:\Users\homelink\AppData\Local\openvr\openvrpaths.vrpath
[Child 9580] WARNING: pipe error: 109: file z:/build/build/src/ipc/chromium/src/chrome/common/ipc_channel_win.cc, line 346
Unable to read VR Path Registry from C:\Users\homelink\AppData\Local\openvr\openvrpaths.vrpath
[Child 9592] WARNING: pipe error: 109: file z:/build/build/src/ipc/chromium/src/chrome/common/ipc_channel_win.cc, line 346
[Child 9580] WARNING: pipe error: 109: file z:/build/build/src/ipc/chromium/src/chrome/common/ipc_channel_win.cc, line 346
[Child 9592] WARNING: pipe error: 109: file z:/build/build/src/ipc/chromium/src/chrome/common/ipc_channel_win.cc, line 346
*** UTM:SVC TimerManager:registerTimer called after profile-before-change notification. Ignoring timer registration for id: telemetry_modules_ping
Unable to read VR Path Registry from C:\Users\homelink\AppData\Local\openvr\openvrpaths.vrpath
1507785567695	geckodriver	INFO	geckodriver 0.19.0
1507785567704	geckodriver	INFO	Listening on 127.0.0.1:9349
1507785569772	mozrunner::runner	INFO	Running command: "D:\\Program Files\\Mozilla Firefox\\firefox.exe" "-marionette" "-profile" "C:\\Users\\homelink\\AppData\\Local\\Temp\\rust_mozprofile.YBk1HZTfSCNU"
1507785570352	addons.xpi	WARN	Error parsing extensions state: [Exception... "Component returned failure code: 0x80520012 (NS_ERROR_FILE_NOT_FOUND) [amIAddonManagerStartup.readStartupData]"  nsresult: "0x80520012 (NS_ERROR_FILE_NOT_FOUND)"  location: "JS frame :: resource://gre/modules/addons/XPIProvider.jsm :: loadExtensionState :: line 1554"  data: no] Stack trace: loadExtensionState()@resource://gre/modules/addons/XPIProvider.jsm:1554 < getInstallState()@resource://gre/modules/addons/XPIProvider.jsm:1589 < checkForChanges()@resource://gre/modules/addons/XPIProvider.jsm:3109 < startup()@resource://gre/modules/addons/XPIProvider.jsm:2188 < callProvider()@resource://gre/modules/AddonManager.jsm:269 < _startProvider()@resource://gre/modules/AddonManager.jsm:739 < startup()@resource://gre/modules/AddonManager.jsm:906 < startup()@resource://gre/modules/AddonManager.jsm:3090 < observe()@jar:file:///D:/Program%20Files/Mozilla%20Firefox/omni.ja!/components/addonManager.js:65
1507785570698	Marionette	INFO	Enabled via --marionette
Unable to read VR Path Registry from C:\Users\homelink\AppData\Local\openvr\openvrpaths.vrpath
[Child 5668] WARNING: pipe error: 109: file z:/build/build/src/ipc/chromium/src/chrome/common/ipc_channel_win.cc, line 346
[Child 5668] WARNING: pipe error: 109: file z:/build/build/src/ipc/chromium/src/chrome/common/ipc_channel_win.cc, line 346
1507785572209	Marionette	INFO	Listening on port 9359
1507785572938	Marionette	WARN	TLS certificate errors will be ignored for this session
1507785572970	Marionette	DEBUG	Register listener.js for window 6442450945
1507785573006	Marionette	DEBUG	Received DOM event "beforeunload" for "about:blank"
1507785574027	Marionette	DEBUG	Received DOM event "pagehide" for "about:blank"
1507785574027	Marionette	DEBUG	Received DOM event "unload" for "about:blank"
1507785574047	Marionette	DEBUG	Received DOM event "DOMContentLoaded" for "http://localhost:8000/"
1507785574062	Marionette	DEBUG	Received DOM event "pageshow" for "http://localhost:8000/"
1507785574103	Marionette	INFO	New connections will no longer be accepted
1507788926082	geckodriver	INFO	geckodriver 0.19.0
1507788926090	geckodriver	INFO	Listening on 127.0.0.1:11415
1507788928149	mozrunner::runner	INFO	Running command: "D:\\Program Files\\Mozilla Firefox\\firefox.exe" "-marionette" "-profile" "C:\\Users\\homelink\\AppData\\Local\\Temp\\rust_mozprofile.Qzrhdyd26yg6"
1507788928712	addons.xpi	WARN	Error parsing extensions state: [Exception... "Component returned failure code: 0x80520012 (NS_ERROR_FILE_NOT_FOUND) [amIAddonManagerStartup.readStartupData]"  nsresult: "0x80520012 (NS_ERROR_FILE_NOT_FOUND)"  location: "JS frame :: resource://gre/modules/addons/XPIProvider.jsm :: loadExtensionState :: line 1554"  data: no] Stack trace: loadExtensionState()@resource://gre/modules/addons/XPIProvider.jsm:1554 < getInstallState()@resource://gre/modules/addons/XPIProvider.jsm:1589 < checkForChanges()@resource://gre/modules/addons/XPIProvider.jsm:3109 < startup()@resource://gre/modules/addons/XPIProvider.jsm:2188 < callProvider()@resource://gre/modules/AddonManager.jsm:269 < _startProvider()@resource://gre/modules/AddonManager.jsm:739 < startup()@resource://gre/modules/AddonManager.jsm:906 < startup()@resource://gre/modules/AddonManager.jsm:3090 < observe()@jar:file:///D:/Program%20Files/Mozilla%20Firefox/omni.ja!/components/addonManager.js:65
1507788929055	Marionette	INFO	Enabled via --marionette
Unable to read VR Path Registry from C:\Users\homelink\AppData\Local\openvr\openvrpaths.vrpath
[Child 8968] WARNING: pipe error: 109: file z:/build/build/src/ipc/chromium/src/chrome/common/ipc_channel_win.cc, line 346
[Child 8968] WARNING: pipe error: 109: file z:/build/build/src/ipc/chromium/src/chrome/common/ipc_channel_win.cc, line 346
1507788930607	Marionette	INFO	Listening on port 11424
1507788931337	Marionette	WARN	TLS certificate errors will be ignored for this session
1507788931380	Marionette	DEBUG	Register listener.js for window 4294967297
1507788931421	Marionette	DEBUG	Received DOM event "beforeunload" for "about:blank"
1507788932443	Marionette	DEBUG	Received DOM event "pagehide" for "about:blank"
1507788932443	Marionette	DEBUG	Received DOM event "unload" for "about:blank"
1507788932453	Marionette	DEBUG	Received DOM event "DOMContentLoaded" for "http://localhost:8000/"
1507788932462	Marionette	DEBUG	Received DOM event "pageshow" for "http://localhost:8000/"
1507788932499	Marionette	INFO	New connections will no longer be accepted
Unable to read VR Path Registry from C:\Users\homelink\AppData\Local\openvr\openvrpaths.vrpath
[Child 10076] WARNING: pipe error: 109: file z:/build/build/src/ipc/chromium/src/chrome/common/ipc_channel_win.cc, line 346
1507788963768	geckodriver	INFO	geckodriver 0.19.0
1507788963776	geckodriver	INFO	Listening on 127.0.0.1:11476
1507788965833	mozrunner::runner	INFO	Running command: "D:\\Program Files\\Mozilla Firefox\\firefox.exe" "-marionette" "-profile" "C:\\Users\\homelink\\AppData\\Local\\Temp\\rust_mozprofile.mo09RA5BJTCQ"
1507788966464	addons.xpi	WARN	Error parsing extensions state: [Exception... "Component returned failure code: 0x80520012 (NS_ERROR_FILE_NOT_FOUND) [amIAddonManagerStartup.readStartupData]"  nsresult: "0x80520012 (NS_ERROR_FILE_NOT_FOUND)"  location: "JS frame :: resource://gre/modules/addons/XPIProvider.jsm :: loadExtensionState :: line 1554"  data: no] Stack trace: loadExtensionState()@resource://gre/modules/addons/XPIProvider.jsm:1554 < getInstallState()@resource://gre/modules/addons/XPIProvider.jsm:1589 < checkForChanges()@resource://gre/modules/addons/XPIProvider.jsm:3109 < startup()@resource://gre/modules/addons/XPIProvider.jsm:2188 < callProvider()@resource://gre/modules/AddonManager.jsm:269 < _startProvider()@resource://gre/modules/AddonManager.jsm:739 < startup()@resource://gre/modules/AddonManager.jsm:906 < startup()@resource://gre/modules/AddonManager.jsm:3090 < observe()@jar:file:///D:/Program%20Files/Mozilla%20Firefox/omni.ja!/components/addonManager.js:65
1507788966805	Marionette	INFO	Enabled via --marionette
Unable to read VR Path Registry from C:\Users\homelink\AppData\Local\openvr\openvrpaths.vrpath
[Child 8224] WARNING: pipe error: 109: file z:/build/build/src/ipc/chromium/src/chrome/common/ipc_channel_win.cc, line 346
[Child 8224] WARNING: pipe error: 109: file z:/build/build/src/ipc/chromium/src/chrome/common/ipc_channel_win.cc, line 346
1507788968227	Marionette	INFO	Listening on port 11482
1507788968961	Marionette	WARN	TLS certificate errors will be ignored for this session
1507788969000	Marionette	DEBUG	Register listener.js for window 6442450945
1507788969040	Marionette	DEBUG	Received DOM event "beforeunload" for "about:blank"
1507788970058	Marionette	DEBUG	Received DOM event "pagehide" for "about:blank"
1507788970059	Marionette	DEBUG	Received DOM event "unload" for "about:blank"
1507788970074	Marionette	DEBUG	Received DOM event "DOMContentLoaded" for "http://localhost:8000/"
1507788970089	Marionette	DEBUG	Received DOM event "pageshow" for "http://localhost:8000/"
1507788970131	Marionette	INFO	New connections will no longer be accepted
Unable to read VR Path Registry from C:\Users\homelink\AppData\Local\openvr\openvrpaths.vrpath
[Parent 11064] WARNING: pipe error: 109: file z:/build/build/src/ipc/chromium/src/chrome/common/ipc_channel_win.cc, line 346
1507789031959	geckodriver	INFO	geckodriver 0.19.0
1507789031967	geckodriver	INFO	Listening on 127.0.0.1:11545
1507789034019	mozrunner::runner	INFO	Running command: "D:\\Program Files\\Mozilla Firefox\\firefox.exe" "-marionette" "-profile" "C:\\Users\\homelink\\AppData\\Local\\Temp\\rust_mozprofile.cCtQ3G3ZiYBy"
1507789034610	addons.xpi	WARN	Error parsing extensions state: [Exception... "Component returned failure code: 0x80520012 (NS_ERROR_FILE_NOT_FOUND) [amIAddonManagerStartup.readStartupData]"  nsresult: "0x80520012 (NS_ERROR_FILE_NOT_FOUND)"  location: "JS frame :: resource://gre/modules/addons/XPIProvider.jsm :: loadExtensionState :: line 1554"  data: no] Stack trace: loadExtensionState()@resource://gre/modules/addons/XPIProvider.jsm:1554 < getInstallState()@resource://gre/modules/addons/XPIProvider.jsm:1589 < checkForChanges()@resource://gre/modules/addons/XPIProvider.jsm:3109 < startup()@resource://gre/modules/addons/XPIProvider.jsm:2188 < callProvider()@resource://gre/modules/AddonManager.jsm:269 < _startProvider()@resource://gre/modules/AddonManager.jsm:739 < startup()@resource://gre/modules/AddonManager.jsm:906 < startup()@resource://gre/modules/AddonManager.jsm:3090 < observe()@jar:file:///D:/Program%20Files/Mozilla%20Firefox/omni.ja!/components/addonManager.js:65
1507789034951	Marionette	INFO	Enabled via --marionette
Unable to read VR Path Registry from C:\Users\homelink\AppData\Local\openvr\openvrpaths.vrpath
[Child 6000] WARNING: pipe error: 109: file z:/build/build/src/ipc/chromium/src/chrome/common/ipc_channel_win.cc, line 346
[Child 6000] WARNING: pipe error: 109: file z:/build/build/src/ipc/chromium/src/chrome/common/ipc_channel_win.cc, line 346
1507789036432	Marionette	INFO	Listening on port 11552
1507789037145	Marionette	WARN	TLS certificate errors will be ignored for this session
1507789037198	Marionette	DEBUG	Register listener.js for window 4294967297
1507789037234	Marionette	DEBUG	Received DOM event "beforeunload" for "about:blank"
1507789038254	Marionette	DEBUG	Received DOM event "pagehide" for "about:blank"
1507789038255	Marionette	DEBUG	Received DOM event "unload" for "about:blank"
1507789038266	Marionette	DEBUG	Received DOM event "DOMContentLoaded" for "http://localhost:8000/"
1507789038277	Marionette	DEBUG	Received DOM event "pageshow" for "http://localhost:8000/"
1507789038316	Marionette	INFO	New connections will no longer be accepted
Unable to read VR Path Registry from C:\Users\homelink\AppData\Local\openvr\openvrpaths.vrpath
[Child 3848] WARNING: pipe error: 109: file z:/build/build/src/ipc/chromium/src/chrome/common/ipc_channel_win.cc, line 346
[Child 3848] WARNING: pipe error: 109: file z:/build/build/src/ipc/chromium/src/chrome/common/ipc_channel_win.cc, line 346
1507789183657	geckodriver	INFO	geckodriver 0.19.0
1507789183665	geckodriver	INFO	Listening on 127.0.0.1:11655
1507789185724	mozrunner::runner	INFO	Running command: "D:\\Program Files\\Mozilla Firefox\\firefox.exe" "-marionette" "-profile" "C:\\Users\\homelink\\AppData\\Local\\Temp\\rust_mozprofile.pgyjPLsaqdXt"
1507789186295	addons.xpi	WARN	Error parsing extensions state: [Exception... "Component returned failure code: 0x80520012 (NS_ERROR_FILE_NOT_FOUND) [amIAddonManagerStartup.readStartupData]"  nsresult: "0x80520012 (NS_ERROR_FILE_NOT_FOUND)"  location: "JS frame :: resource://gre/modules/addons/XPIProvider.jsm :: loadExtensionState :: line 1554"  data: no] Stack trace: loadExtensionState()@resource://gre/modules/addons/XPIProvider.jsm:1554 < getInstallState()@resource://gre/modules/addons/XPIProvider.jsm:1589 < checkForChanges()@resource://gre/modules/addons/XPIProvider.jsm:3109 < startup()@resource://gre/modules/addons/XPIProvider.jsm:2188 < callProvider()@resource://gre/modules/AddonManager.jsm:269 < _startProvider()@resource://gre/modules/AddonManager.jsm:739 < startup()@resource://gre/modules/AddonManager.jsm:906 < startup()@resource://gre/modules/AddonManager.jsm:3090 < observe()@jar:file:///D:/Program%20Files/Mozilla%20Firefox/omni.ja!/components/addonManager.js:65
1507789186633	Marionette	INFO	Enabled via --marionette
Unable to read VR Path Registry from C:\Users\homelink\AppData\Local\openvr\openvrpaths.vrpath
[Child 10116] WARNING: pipe error: 109: file z:/build/build/src/ipc/chromium/src/chrome/common/ipc_channel_win.cc, line 346
[Child 10116] WARNING: pipe error: 109: file z:/build/build/src/ipc/chromium/src/chrome/common/ipc_channel_win.cc, line 346
1507789188128	Marionette	INFO	Listening on port 11663
1507789188843	Marionette	WARN	TLS certificate errors will be ignored for this session
1507789188897	Marionette	DEBUG	Register listener.js for window 4294967297
1507789188935	Marionette	DEBUG	Received DOM event "beforeunload" for "about:blank"
1507789189954	Marionette	DEBUG	Received DOM event "pagehide" for "about:blank"
1507789189954	Marionette	DEBUG	Received DOM event "unload" for "about:blank"
1507789189970	Marionette	DEBUG	Received DOM event "DOMContentLoaded" for "http://localhost:8000/"
1507789189984	Marionette	DEBUG	Received DOM event "pageshow" for "http://localhost:8000/"
1507789190026	Marionette	INFO	New connections will no longer be accepted
Unable to read VR Path Registry from C:\Users\homelink\AppData\Local\openvr\openvrpaths.vrpath
[Child 9396] WARNING: pipe error: 109: file z:/build/build/src/ipc/chromium/src/chrome/common/ipc_channel_win.cc, line 346
1507790961452	geckodriver	INFO	geckodriver 0.19.0
1507790961462	geckodriver	INFO	Listening on 127.0.0.1:12476
1507790963510	mozrunner::runner	INFO	Running command: "D:\\Program Files\\Mozilla Firefox\\firefox.exe" "-marionette" "-profile" "C:\\Users\\homelink\\AppData\\Local\\Temp\\rust_mozprofile.HYmko4cXVJz6"
1507790964100	addons.xpi	WARN	Error parsing extensions state: [Exception... "Component returned failure code: 0x80520012 (NS_ERROR_FILE_NOT_FOUND) [amIAddonManagerStartup.readStartupData]"  nsresult: "0x80520012 (NS_ERROR_FILE_NOT_FOUND)"  location: "JS frame :: resource://gre/modules/addons/XPIProvider.jsm :: loadExtensionState :: line 1554"  data: no] Stack trace: loadExtensionState()@resource://gre/modules/addons/XPIProvider.jsm:1554 < getInstallState()@resource://gre/modules/addons/XPIProvider.jsm:1589 < checkForChanges()@resource://gre/modules/addons/XPIProvider.jsm:3109 < startup()@resource://gre/modules/addons/XPIProvider.jsm:2188 < callProvider()@resource://gre/modules/AddonManager.jsm:269 < _startProvider()@resource://gre/modules/AddonManager.jsm:739 < startup()@resource://gre/modules/AddonManager.jsm:906 < startup()@resource://gre/modules/AddonManager.jsm:3090 < observe()@jar:file:///D:/Program%20Files/Mozilla%20Firefox/omni.ja!/components/addonManager.js:65
1507790964449	Marionette	INFO	Enabled via --marionette
Unable to read VR Path Registry from C:\Users\homelink\AppData\Local\openvr\openvrpaths.vrpath
[Child 8236] WARNING: pipe error: 109: file z:/build/build/src/ipc/chromium/src/chrome/common/ipc_channel_win.cc, line 346
[Child 8236] WARNING: pipe error: 109: file z:/build/build/src/ipc/chromium/src/chrome/common/ipc_channel_win.cc, line 346
1507790965992	Marionette	INFO	Listening on port 12484
1507790966640	Marionette	WARN	TLS certificate errors will be ignored for this session
1507790966685	Marionette	DEBUG	Register listener.js for window 6442450945
1507790966729	Marionette	DEBUG	Received DOM event "beforeunload" for "about:blank"
1507790967743	Marionette	DEBUG	Received DOM event "pagehide" for "about:blank"
1507790967743	Marionette	DEBUG	Received DOM event "unload" for "about:blank"
1507790967759	Marionette	DEBUG	Received DOM event "DOMContentLoaded" for "http://localhost:8000/"
1507790967766	Marionette	DEBUG	Received DOM event "pageshow" for "http://localhost:8000/"
1507790967804	Marionette	INFO	New connections will no longer be accepted
1507790974794	geckodriver	INFO	geckodriver 0.19.0
1507790974803	geckodriver	INFO	Listening on 127.0.0.1:12522
1507790976876	mozrunner::runner	INFO	Running command: "D:\\Program Files\\Mozilla Firefox\\firefox.exe" "-marionette" "-profile" "C:\\Users\\homelink\\AppData\\Local\\Temp\\rust_mozprofile.qbi2a8blv7Iq"
1507790977446	addons.xpi	WARN	Error parsing extensions state: [Exception... "Component returned failure code: 0x80520012 (NS_ERROR_FILE_NOT_FOUND) [amIAddonManagerStartup.readStartupData]"  nsresult: "0x80520012 (NS_ERROR_FILE_NOT_FOUND)"  location: "JS frame :: resource://gre/modules/addons/XPIProvider.jsm :: loadExtensionState :: line 1554"  data: no] Stack trace: loadExtensionState()@resource://gre/modules/addons/XPIProvider.jsm:1554 < getInstallState()@resource://gre/modules/addons/XPIProvider.jsm:1589 < checkForChanges()@resource://gre/modules/addons/XPIProvider.jsm:3109 < startup()@resource://gre/modules/addons/XPIProvider.jsm:2188 < callProvider()@resource://gre/modules/AddonManager.jsm:269 < _startProvider()@resource://gre/modules/AddonManager.jsm:739 < startup()@resource://gre/modules/AddonManager.jsm:906 < startup()@resource://gre/modules/AddonManager.jsm:3090 < observe()@jar:file:///D:/Program%20Files/Mozilla%20Firefox/omni.ja!/components/addonManager.js:65
1507790977797	Marionette	INFO	Enabled via --marionette
Unable to read VR Path Registry from C:\Users\homelink\AppData\Local\openvr\openvrpaths.vrpath
[Parent 9944] WARNING: pipe error: 109: file z:/build/build/src/ipc/chromium/src/chrome/common/ipc_channel_win.cc, line 346
Unable to read VR Path Registry from C:\Users\homelink\AppData\Local\openvr\openvrpaths.vrpath
[Child 8888] WARNING: pipe error: 109: file z:/build/build/src/ipc/chromium/src/chrome/common/ipc_channel_win.cc, line 346
1507790979278	Marionette	INFO	Listening on port 12529
1507790979993	Marionette	WARN	TLS certificate errors will be ignored for this session
1507790980026	Marionette	DEBUG	Register listener.js for window 6442450945
1507790980070	Marionette	DEBUG	Received DOM event "beforeunload" for "about:blank"
1507790981091	Marionette	DEBUG	Received DOM event "pagehide" for "about:blank"
1507790981091	Marionette	DEBUG	Received DOM event "unload" for "about:blank"
1507790981107	Marionette	DEBUG	Received DOM event "DOMContentLoaded" for "http://localhost:8000/"
1507790981115	Marionette	DEBUG	Received DOM event "pageshow" for "http://localhost:8000/"
1507790981154	Marionette	INFO	New connections will no longer be accepted
1507803326613	geckodriver	INFO	geckodriver 0.19.0
1507803326621	geckodriver	INFO	Listening on 127.0.0.1:48576
1507803328679	mozrunner::runner	INFO	Running command: "D:\\Program Files\\Mozilla Firefox\\firefox.exe" "-marionette" "-profile" "C:\\Users\\homelink\\AppData\\Local\\Temp\\rust_mozprofile.WjYVnoXqZzuI"
1507803329235	addons.xpi	WARN	Error parsing extensions state: [Exception... "Component returned failure code: 0x80520012 (NS_ERROR_FILE_NOT_FOUND) [amIAddonManagerStartup.readStartupData]"  nsresult: "0x80520012 (NS_ERROR_FILE_NOT_FOUND)"  location: "JS frame :: resource://gre/modules/addons/XPIProvider.jsm :: loadExtensionState :: line 1554"  data: no] Stack trace: loadExtensionState()@resource://gre/modules/addons/XPIProvider.jsm:1554 < getInstallState()@resource://gre/modules/addons/XPIProvider.jsm:1589 < checkForChanges()@resource://gre/modules/addons/XPIProvider.jsm:3109 < startup()@resource://gre/modules/addons/XPIProvider.jsm:2188 < callProvider()@resource://gre/modules/AddonManager.jsm:269 < _startProvider()@resource://gre/modules/AddonManager.jsm:739 < startup()@resource://gre/modules/AddonManager.jsm:906 < startup()@resource://gre/modules/AddonManager.jsm:3090 < observe()@jar:file:///D:/Program%20Files/Mozilla%20Firefox/omni.ja!/components/addonManager.js:65
1507803329588	Marionette	INFO	Enabled via --marionette
Unable to read VR Path Registry from C:\Users\homelink\AppData\Local\openvr\openvrpaths.vrpath
[Parent 4032] WARNING: pipe error: 109: file z:/build/build/src/ipc/chromium/src/chrome/common/ipc_channel_win.cc, line 346
Unable to read VR Path Registry from C:\Users\homelink\AppData\Local\openvr\openvrpaths.vrpath
[Child 10404] WARNING: pipe error: 109: file z:/build/build/src/ipc/chromium/src/chrome/common/ipc_channel_win.cc, line 346
[Child 10404] WARNING: pipe error: 109: file z:/build/build/src/ipc/chromium/src/chrome/common/ipc_channel_win.cc, line 346
1507803331445	Marionette	INFO	Listening on port 48584
1507803331795	Marionette	WARN	TLS certificate errors will be ignored for this session
1507803331831	Marionette	DEBUG	Register listener.js for window 4294967297
1507803331876	Marionette	DEBUG	Received DOM event "beforeunload" for "about:blank"
1507803332898	Marionette	DEBUG	Received DOM event "pagehide" for "about:blank"
1507803332898	Marionette	DEBUG	Received DOM event "unload" for "about:blank"
1507803332904	Marionette	DEBUG	Received DOM event "DOMContentLoaded" for "http://localhost:8000/"
1507803332906	Marionette	DEBUG	Received DOM event "pageshow" for "http://localhost:8000/"
1507803332939	Marionette	INFO	New connections will no longer be accepted
[Parent 4032] WARNING: pipe error: 109: file z:/build/build/src/ipc/chromium/src/chrome/common/ipc_channel_win.cc, line 346
1507803383763	geckodriver	INFO	geckodriver 0.19.0
1507803383771	geckodriver	INFO	Listening on 127.0.0.1:48652
1507803385831	mozrunner::runner	INFO	Running command: "D:\\Program Files\\Mozilla Firefox\\firefox.exe" "-marionette" "-profile" "C:\\Users\\homelink\\AppData\\Local\\Temp\\rust_mozprofile.JhiY0iyK5hpy"
1507803386398	addons.xpi	WARN	Error parsing extensions state: [Exception... "Component returned failure code: 0x80520012 (NS_ERROR_FILE_NOT_FOUND) [amIAddonManagerStartup.readStartupData]"  nsresult: "0x80520012 (NS_ERROR_FILE_NOT_FOUND)"  location: "JS frame :: resource://gre/modules/addons/XPIProvider.jsm :: loadExtensionState :: line 1554"  data: no] Stack trace: loadExtensionState()@resource://gre/modules/addons/XPIProvider.jsm:1554 < getInstallState()@resource://gre/modules/addons/XPIProvider.jsm:1589 < checkForChanges()@resource://gre/modules/addons/XPIProvider.jsm:3109 < startup()@resource://gre/modules/addons/XPIProvider.jsm:2188 < callProvider()@resource://gre/modules/AddonManager.jsm:269 < _startProvider()@resource://gre/modules/AddonManager.jsm:739 < startup()@resource://gre/modules/AddonManager.jsm:906 < startup()@resource://gre/modules/AddonManager.jsm:3090 < observe()@jar:file:///D:/Program%20Files/Mozilla%20Firefox/omni.ja!/components/addonManager.js:65
1507803386765	Marionette	INFO	Enabled via --marionette
Unable to read VR Path Registry from C:\Users\homelink\AppData\Local\openvr\openvrpaths.vrpath
[Child 11452] WARNING: pipe error: 109: file z:/build/build/src/ipc/chromium/src/chrome/common/ipc_channel_win.cc, line 346
1507803388263	Marionette	INFO	Listening on port 48660
1507803388964	Marionette	WARN	TLS certificate errors will be ignored for this session
1507803389001	Marionette	DEBUG	Register listener.js for window 4294967297
1507803389049	Marionette	DEBUG	Received DOM event "beforeunload" for "about:blank"
1507803390066	Marionette	DEBUG	Received DOM event "pagehide" for "about:blank"
1507803390066	Marionette	DEBUG	Received DOM event "unload" for "about:blank"
1507803390073	Marionette	DEBUG	Received DOM event "DOMContentLoaded" for "http://localhost:8000/"
1507803390075	Marionette	DEBUG	Received DOM event "pageshow" for "http://localhost:8000/"
1507803390119	Marionette	INFO	New connections will no longer be accepted
1507803398210	geckodriver	INFO	geckodriver 0.19.0
1507803398218	geckodriver	INFO	Listening on 127.0.0.1:48700
1507803400248	mozrunner::runner	INFO	Running command: "D:\\Program Files\\Mozilla Firefox\\firefox.exe" "-marionette" "-profile" "C:\\Users\\homelink\\AppData\\Local\\Temp\\rust_mozprofile.WaMW79wA0liO"
1507803400782	addons.xpi	WARN	Error parsing extensions state: [Exception... "Component returned failure code: 0x80520012 (NS_ERROR_FILE_NOT_FOUND) [amIAddonManagerStartup.readStartupData]"  nsresult: "0x80520012 (NS_ERROR_FILE_NOT_FOUND)"  location: "JS frame :: resource://gre/modules/addons/XPIProvider.jsm :: loadExtensionState :: line 1554"  data: no] Stack trace: loadExtensionState()@resource://gre/modules/addons/XPIProvider.jsm:1554 < getInstallState()@resource://gre/modules/addons/XPIProvider.jsm:1589 < checkForChanges()@resource://gre/modules/addons/XPIProvider.jsm:3109 < startup()@resource://gre/modules/addons/XPIProvider.jsm:2188 < callProvider()@resource://gre/modules/AddonManager.jsm:269 < _startProvider()@resource://gre/modules/AddonManager.jsm:739 < startup()@resource://gre/modules/AddonManager.jsm:906 < startup()@resource://gre/modules/AddonManager.jsm:3090 < observe()@jar:file:///D:/Program%20Files/Mozilla%20Firefox/omni.ja!/components/addonManager.js:65
1507803401129	Marionette	INFO	Enabled via --marionette
Unable to read VR Path Registry from C:\Users\homelink\AppData\Local\openvr\openvrpaths.vrpath
[Child 6520] WARNING: pipe error: 109: file z:/build/build/src/ipc/chromium/src/chrome/common/ipc_channel_win.cc, line 346
[Child 6520] WARNING: pipe error: 109: file z:/build/build/src/ipc/chromium/src/chrome/common/ipc_channel_win.cc, line 346
1507803402578	Marionette	INFO	Listening on port 48706
1507803403360	Marionette	WARN	TLS certificate errors will be ignored for this session
1507803403392	Marionette	DEBUG	Register listener.js for window 6442450945
1507803403437	Marionette	DEBUG	Received DOM event "beforeunload" for "about:blank"
1507803404446	Marionette	DEBUG	Received DOM event "pagehide" for "about:blank"
1507803404446	Marionette	DEBUG	Received DOM event "unload" for "about:blank"
1507803404452	Marionette	DEBUG	Received DOM event "DOMContentLoaded" for "http://localhost:8000/"
1507803404453	Marionette	DEBUG	Received DOM event "pageshow" for "http://localhost:8000/"
1507803404491	Marionette	INFO	New connections will no longer be accepted
1507859770331	geckodriver	INFO	geckodriver 0.19.0
1507859770347	geckodriver	INFO	Listening on 127.0.0.1:3276
1507859772434	mozrunner::runner	INFO	Running command: "D:\\Program Files\\Mozilla Firefox\\firefox.exe" "-marionette" "-profile" "C:\\Users\\homelink\\AppData\\Local\\Temp\\rust_mozprofile.Bj10jni62wue"
1507859773446	addons.xpi	WARN	Error parsing extensions state: [Exception... "Component returned failure code: 0x80520012 (NS_ERROR_FILE_NOT_FOUND) [amIAddonManagerStartup.readStartupData]"  nsresult: "0x80520012 (NS_ERROR_FILE_NOT_FOUND)"  location: "JS frame :: resource://gre/modules/addons/XPIProvider.jsm :: loadExtensionState :: line 1554"  data: no] Stack trace: loadExtensionState()@resource://gre/modules/addons/XPIProvider.jsm:1554 < getInstallState()@resource://gre/modules/addons/XPIProvider.jsm:1589 < checkForChanges()@resource://gre/modules/addons/XPIProvider.jsm:3109 < startup()@resource://gre/modules/addons/XPIProvider.jsm:2188 < callProvider()@resource://gre/modules/AddonManager.jsm:269 < _startProvider()@resource://gre/modules/AddonManager.jsm:739 < startup()@resource://gre/modules/AddonManager.jsm:906 < startup()@resource://gre/modules/AddonManager.jsm:3090 < observe()@jar:file:///D:/Program%20Files/Mozilla%20Firefox/omni.ja!/components/addonManager.js:65
1507859774112	Marionette	INFO	Enabled via --marionette
Unable to read VR Path Registry from C:\Users\homelink\AppData\Local\openvr\openvrpaths.vrpath
[Child 9372] WARNING: pipe error: 109: file z:/build/build/src/ipc/chromium/src/chrome/common/ipc_channel_win.cc, line 346
[Child 9372] WARNING: pipe error: 109: file z:/build/build/src/ipc/chromium/src/chrome/common/ipc_channel_win.cc, line 346
1507859776362	Marionette	INFO	Listening on port 3288
1507859776632	Marionette	WARN	TLS certificate errors will be ignored for this session
1507859776665	Marionette	DEBUG	Register listener.js for window 6442450945
1507859776706	Marionette	DEBUG	Received DOM event "beforeunload" for "about:blank"
1507859777720	Marionette	DEBUG	Received DOM event "pagehide" for "about:blank"
1507859777720	Marionette	DEBUG	Received DOM event "unload" for "about:blank"
1507859777726	Marionette	DEBUG	Received DOM event "DOMContentLoaded" for "http://localhost:8000/"
1507859777727	Marionette	DEBUG	Received DOM event "pageshow" for "http://localhost:8000/"
1507859777762	Marionette	INFO	New connections will no longer be accepted
Unable to read VR Path Registry from C:\Users\homelink\AppData\Local\openvr\openvrpaths.vrpath
[Parent 7940] WARNING: pipe error: 109: file z:/build/build/src/ipc/chromium/src/chrome/common/ipc_channel_win.cc, line 346
1507860584952	geckodriver	INFO	geckodriver 0.19.0
1507860584960	geckodriver	INFO	Listening on 127.0.0.1:3910
1507860587026	mozrunner::runner	INFO	Running command: "D:\\Program Files\\Mozilla Firefox\\firefox.exe" "-marionette" "-profile" "C:\\Users\\homelink\\AppData\\Local\\Temp\\rust_mozprofile.G4DBoEWRFzRw"
1507860587238	addons.xpi	WARN	Error parsing extensions state: [Exception... "Component returned failure code: 0x80520012 (NS_ERROR_FILE_NOT_FOUND) [amIAddonManagerStartup.readStartupData]"  nsresult: "0x80520012 (NS_ERROR_FILE_NOT_FOUND)"  location: "JS frame :: resource://gre/modules/addons/XPIProvider.jsm :: loadExtensionState :: line 1554"  data: no] Stack trace: loadExtensionState()@resource://gre/modules/addons/XPIProvider.jsm:1554 < getInstallState()@resource://gre/modules/addons/XPIProvider.jsm:1589 < checkForChanges()@resource://gre/modules/addons/XPIProvider.jsm:3109 < startup()@resource://gre/modules/addons/XPIProvider.jsm:2188 < callProvider()@resource://gre/modules/AddonManager.jsm:269 < _startProvider()@resource://gre/modules/AddonManager.jsm:739 < startup()@resource://gre/modules/AddonManager.jsm:906 < startup()@resource://gre/modules/AddonManager.jsm:3090 < observe()@jar:file:///D:/Program%20Files/Mozilla%20Firefox/omni.ja!/components/addonManager.js:65
1507860587584	Marionette	INFO	Enabled via --marionette
Unable to read VR Path Registry from C:\Users\homelink\AppData\Local\openvr\openvrpaths.vrpath
[Child 9548] WARNING: pipe error: 109: file z:/build/build/src/ipc/chromium/src/chrome/common/ipc_channel_win.cc, line 346
1507860589098	Marionette	INFO	Listening on port 3918
1507860590143	Marionette	WARN	TLS certificate errors will be ignored for this session
1507860590176	Marionette	DEBUG	Register listener.js for window 6442450945
1507860590216	Marionette	DEBUG	Received DOM event "beforeunload" for "about:blank"
1507860591227	Marionette	DEBUG	Received DOM event "pagehide" for "about:blank"
1507860591228	Marionette	DEBUG	Received DOM event "unload" for "about:blank"
1507860591243	Marionette	DEBUG	Received DOM event "DOMContentLoaded" for "http://localhost:8000/"
1507860591248	Marionette	DEBUG	Received DOM event "pageshow" for "http://localhost:8000/"
1507860594319	Marionette	INFO	New connections will no longer be accepted
1507871677047	geckodriver	INFO	geckodriver 0.19.0
1507871677060	geckodriver	INFO	Listening on 127.0.0.1:10686
1507871679097	mozrunner::runner	INFO	Running command: "D:\\Program Files\\Mozilla Firefox\\firefox.exe" "-marionette" "-profile" "C:\\Users\\homelink\\AppData\\Local\\Temp\\rust_mozprofile.ZGGtyQLX4oeg"
1507871679640	addons.xpi	WARN	Error parsing extensions state: [Exception... "Component returned failure code: 0x80520012 (NS_ERROR_FILE_NOT_FOUND) [amIAddonManagerStartup.readStartupData]"  nsresult: "0x80520012 (NS_ERROR_FILE_NOT_FOUND)"  location: "JS frame :: resource://gre/modules/addons/XPIProvider.jsm :: loadExtensionState :: line 1554"  data: no] Stack trace: loadExtensionState()@resource://gre/modules/addons/XPIProvider.jsm:1554 < getInstallState()@resource://gre/modules/addons/XPIProvider.jsm:1589 < checkForChanges()@resource://gre/modules/addons/XPIProvider.jsm:3109 < startup()@resource://gre/modules/addons/XPIProvider.jsm:2188 < callProvider()@resource://gre/modules/AddonManager.jsm:269 < _startProvider()@resource://gre/modules/AddonManager.jsm:739 < startup()@resource://gre/modules/AddonManager.jsm:906 < startup()@resource://gre/modules/AddonManager.jsm:3090 < observe()@jar:file:///D:/Program%20Files/Mozilla%20Firefox/omni.ja!/components/addonManager.js:65
1507871679986	Marionette	INFO	Enabled via --marionette
1507871681555	Marionette	INFO	Listening on port 10699
1507871682219	Marionette	WARN	TLS certificate errors will be ignored for this session
1507871682266	Marionette	DEBUG	Register listener.js for window 6442450945
1507871682311	Marionette	DEBUG	Received DOM event "beforeunload" for "about:blank"
1507871683330	Marionette	DEBUG	Received DOM event "pagehide" for "about:blank"
1507871683330	Marionette	DEBUG	Received DOM event "unload" for "about:blank"
1507871683335	Marionette	DEBUG	Received DOM event "DOMContentLoaded" for "http://localhost:8000/"
1507871683337	Marionette	DEBUG	Received DOM event "pageshow" for "http://localhost:8000/"
1507871686387	Marionette	INFO	New connections will no longer be accepted
Unable to read VR Path Registry from C:\Users\homelink\AppData\Local\openvr\openvrpaths.vrpath
[Parent 6068] WARNING: pipe error: 109: file z:/build/build/src/ipc/chromium/src/chrome/common/ipc_channel_win.cc, line 346
1507872398421	geckodriver	INFO	geckodriver 0.19.0
1507872398430	geckodriver	INFO	Listening on 127.0.0.1:11116
1507872400449	mozrunner::runner	INFO	Running command: "D:\\Program Files\\Mozilla Firefox\\firefox.exe" "-marionette" "-profile" "C:\\Users\\homelink\\AppData\\Local\\Temp\\rust_mozprofile.8XHwPRjlA3aR"
1507872401054	addons.xpi	WARN	Error parsing extensions state: [Exception... "Component returned failure code: 0x80520012 (NS_ERROR_FILE_NOT_FOUND) [amIAddonManagerStartup.readStartupData]"  nsresult: "0x80520012 (NS_ERROR_FILE_NOT_FOUND)"  location: "JS frame :: resource://gre/modules/addons/XPIProvider.jsm :: loadExtensionState :: line 1554"  data: no] Stack trace: loadExtensionState()@resource://gre/modules/addons/XPIProvider.jsm:1554 < getInstallState()@resource://gre/modules/addons/XPIProvider.jsm:1589 < checkForChanges()@resource://gre/modules/addons/XPIProvider.jsm:3109 < startup()@resource://gre/modules/addons/XPIProvider.jsm:2188 < callProvider()@resource://gre/modules/AddonManager.jsm:269 < _startProvider()@resource://gre/modules/AddonManager.jsm:739 < startup()@resource://gre/modules/AddonManager.jsm:906 < startup()@resource://gre/modules/AddonManager.jsm:3090 < observe()@jar:file:///D:/Program%20Files/Mozilla%20Firefox/omni.ja!/components/addonManager.js:65
1507872401400	Marionette	INFO	Enabled via --marionette
Unable to read VR Path Registry from C:\Users\homelink\AppData\Local\openvr\openvrpaths.vrpath
[Parent 9048] WARNING: pipe error: 109: file z:/build/build/src/ipc/chromium/src/chrome/common/ipc_channel_win.cc, line 346
Unable to read VR Path Registry from C:\Users\homelink\AppData\Local\openvr\openvrpaths.vrpath
[Child 10296] WARNING: pipe error: 109: file z:/build/build/src/ipc/chromium/src/chrome/common/ipc_channel_win.cc, line 346
[Child 10296] WARNING: pipe error: 109: file z:/build/build/src/ipc/chromium/src/chrome/common/ipc_channel_win.cc, line 346
1507872403135	Marionette	INFO	Listening on port 11124
1507872403570	Marionette	WARN	TLS certificate errors will be ignored for this session
1507872403802	Marionette	DEBUG	Register listener.js for window 6442450945
1507872403859	Marionette	DEBUG	Received DOM event "beforeunload" for "about:blank"
1507872404895	Marionette	DEBUG	Received DOM event "pagehide" for "about:blank"
1507872404895	Marionette	DEBUG	Received DOM event "unload" for "about:blank"
1507872404909	Marionette	DEBUG	Received DOM event "DOMContentLoaded" for "http://localhost:8000/"
1507872404920	Marionette	DEBUG	Received DOM event "pageshow" for "http://localhost:8000/"
1507872408115	Marionette	INFO	New connections will no longer be accepted
1507872488573	geckodriver	INFO	geckodriver 0.19.0
1507872488581	geckodriver	INFO	Listening on 127.0.0.1:11234
1507872490627	mozrunner::runner	INFO	Running command: "D:\\Program Files\\Mozilla Firefox\\firefox.exe" "-marionette" "-profile" "C:\\Users\\homelink\\AppData\\Local\\Temp\\rust_mozprofile.VPc1RXJFu9L3"
1507872491182	addons.xpi	WARN	Error parsing extensions state: [Exception... "Component returned failure code: 0x80520012 (NS_ERROR_FILE_NOT_FOUND) [amIAddonManagerStartup.readStartupData]"  nsresult: "0x80520012 (NS_ERROR_FILE_NOT_FOUND)"  location: "JS frame :: resource://gre/modules/addons/XPIProvider.jsm :: loadExtensionState :: line 1554"  data: no] Stack trace: loadExtensionState()@resource://gre/modules/addons/XPIProvider.jsm:1554 < getInstallState()@resource://gre/modules/addons/XPIProvider.jsm:1589 < checkForChanges()@resource://gre/modules/addons/XPIProvider.jsm:3109 < startup()@resource://gre/modules/addons/XPIProvider.jsm:2188 < callProvider()@resource://gre/modules/AddonManager.jsm:269 < _startProvider()@resource://gre/modules/AddonManager.jsm:739 < startup()@resource://gre/modules/AddonManager.jsm:906 < startup()@resource://gre/modules/AddonManager.jsm:3090 < observe()@jar:file:///D:/Program%20Files/Mozilla%20Firefox/omni.ja!/components/addonManager.js:65
1507872491554	Marionette	INFO	Enabled via --marionette
Unable to read VR Path Registry from C:\Users\homelink\AppData\Local\openvr\openvrpaths.vrpath
[Child 10656] WARNING: pipe error: 109: file z:/build/build/src/ipc/chromium/src/chrome/common/ipc_channel_win.cc, line 346
[Child 10656] WARNING: pipe error: 109: file z:/build/build/src/ipc/chromium/src/chrome/common/ipc_channel_win.cc, line 346
1507872493344	Marionette	INFO	Listening on port 11240
1507872493827	Marionette	WARN	TLS certificate errors will be ignored for this session
1507872493871	Marionette	DEBUG	Register listener.js for window 6442450945
1507872493914	Marionette	DEBUG	Received DOM event "beforeunload" for "about:blank"
1507872494931	Marionette	DEBUG	Received DOM event "pagehide" for "about:blank"
1507872494932	Marionette	DEBUG	Received DOM event "unload" for "about:blank"
1507872494939	Marionette	DEBUG	Received DOM event "DOMContentLoaded" for "http://localhost:8000/"
1507872494947	Marionette	DEBUG	Received DOM event "pageshow" for "http://localhost:8000/"
1507872495046	Marionette	INFO	New connections will no longer be accepted
Unable to read VR Path Registry from C:\Users\homelink\AppData\Local\openvr\openvrpaths.vrpath
[Child 11032] WARNING: pipe error: 109: file z:/build/build/src/ipc/chromium/src/chrome/common/ipc_channel_win.cc, line 346
1507872559722	geckodriver	INFO	geckodriver 0.19.0
1507872559731	geckodriver	INFO	Listening on 127.0.0.1:11312
1507872561749	mozrunner::runner	INFO	Running command: "D:\\Program Files\\Mozilla Firefox\\firefox.exe" "-marionette" "-profile" "C:\\Users\\homelink\\AppData\\Local\\Temp\\rust_mozprofile.ZSp8Mr3cOUM7"
1507872562323	addons.xpi	WARN	Error parsing extensions state: [Exception... "Component returned failure code: 0x80520012 (NS_ERROR_FILE_NOT_FOUND) [amIAddonManagerStartup.readStartupData]"  nsresult: "0x80520012 (NS_ERROR_FILE_NOT_FOUND)"  location: "JS frame :: resource://gre/modules/addons/XPIProvider.jsm :: loadExtensionState :: line 1554"  data: no] Stack trace: loadExtensionState()@resource://gre/modules/addons/XPIProvider.jsm:1554 < getInstallState()@resource://gre/modules/addons/XPIProvider.jsm:1589 < checkForChanges()@resource://gre/modules/addons/XPIProvider.jsm:3109 < startup()@resource://gre/modules/addons/XPIProvider.jsm:2188 < callProvider()@resource://gre/modules/AddonManager.jsm:269 < _startProvider()@resource://gre/modules/AddonManager.jsm:739 < startup()@resource://gre/modules/AddonManager.jsm:906 < startup()@resource://gre/modules/AddonManager.jsm:3090 < observe()@jar:file:///D:/Program%20Files/Mozilla%20Firefox/omni.ja!/components/addonManager.js:65
1507872562669	Marionette	INFO	Enabled via --marionette
1507872564116	Marionette	INFO	Listening on port 11322
1507872564933	Marionette	WARN	TLS certificate errors will be ignored for this session
1507872564992	Marionette	DEBUG	Register listener.js for window 4294967297
1507872565036	Marionette	DEBUG	Received DOM event "beforeunload" for "about:blank"
1507872566057	Marionette	DEBUG	Received DOM event "pagehide" for "about:blank"
1507872566058	Marionette	DEBUG	Received DOM event "unload" for "about:blank"
1507872566070	Marionette	DEBUG	Received DOM event "DOMContentLoaded" for "http://localhost:8000/"
1507872566087	Marionette	DEBUG	Received DOM event "pageshow" for "http://localhost:8000/"
1507872569288	Marionette	INFO	New connections will no longer be accepted
1507872760227	geckodriver	INFO	geckodriver 0.19.0
1507872760236	geckodriver	INFO	Listening on 127.0.0.1:11423
1507872762292	mozrunner::runner	INFO	Running command: "D:\\Program Files\\Mozilla Firefox\\firefox.exe" "-marionette" "-profile" "C:\\Users\\homelink\\AppData\\Local\\Temp\\rust_mozprofile.PdAngADEQl4q"
1507872762842	addons.xpi	WARN	Error parsing extensions state: [Exception... "Component returned failure code: 0x80520012 (NS_ERROR_FILE_NOT_FOUND) [amIAddonManagerStartup.readStartupData]"  nsresult: "0x80520012 (NS_ERROR_FILE_NOT_FOUND)"  location: "JS frame :: resource://gre/modules/addons/XPIProvider.jsm :: loadExtensionState :: line 1554"  data: no] Stack trace: loadExtensionState()@resource://gre/modules/addons/XPIProvider.jsm:1554 < getInstallState()@resource://gre/modules/addons/XPIProvider.jsm:1589 < checkForChanges()@resource://gre/modules/addons/XPIProvider.jsm:3109 < startup()@resource://gre/modules/addons/XPIProvider.jsm:2188 < callProvider()@resource://gre/modules/AddonManager.jsm:269 < _startProvider()@resource://gre/modules/AddonManager.jsm:739 < startup()@resource://gre/modules/AddonManager.jsm:906 < startup()@resource://gre/modules/AddonManager.jsm:3090 < observe()@jar:file:///D:/Program%20Files/Mozilla%20Firefox/omni.ja!/components/addonManager.js:65
1507872763195	Marionette	INFO	Enabled via --marionette
Unable to read VR Path Registry from C:\Users\homelink\AppData\Local\openvr\openvrpaths.vrpath
[Child 9432] WARNING: pipe error: 109: file z:/build/build/src/ipc/chromium/src/chrome/common/ipc_channel_win.cc, line 346
[Child 9432] WARNING: pipe error: 109: file z:/build/build/src/ipc/chromium/src/chrome/common/ipc_channel_win.cc, line 346
1507872764694	Marionette	INFO	Listening on port 11431
1507872765445	Marionette	WARN	TLS certificate errors will be ignored for this session
1507872765482	Marionette	DEBUG	Register listener.js for window 6442450945
1507872765528	Marionette	DEBUG	Received DOM event "beforeunload" for "about:blank"
1507872766542	Marionette	DEBUG	Received DOM event "pagehide" for "about:blank"
1507872766542	Marionette	DEBUG	Received DOM event "unload" for "about:blank"
1507872766548	Marionette	DEBUG	Received DOM event "DOMContentLoaded" for "http://localhost:8000/"
1507872766554	Marionette	DEBUG	Received DOM event "pageshow" for "http://localhost:8000/"
1507872766714	Marionette	INFO	New connections will no longer be accepted
Unable to read VR Path Registry from C:\Users\homelink\AppData\Local\openvr\openvrpaths.vrpath
[Child 10940] WARNING: pipe error: 109: file z:/build/build/src/ipc/chromium/src/chrome/common/ipc_channel_win.cc, line 346
1507872917901	geckodriver	INFO	geckodriver 0.19.0
1507872917909	geckodriver	INFO	Listening on 127.0.0.1:11537
1507872919924	mozrunner::runner	INFO	Running command: "D:\\Program Files\\Mozilla Firefox\\firefox.exe" "-marionette" "-profile" "C:\\Users\\homelink\\AppData\\Local\\Temp\\rust_mozprofile.C00IBZSYWJR7"
1507872920478	addons.xpi	WARN	Error parsing extensions state: [Exception... "Component returned failure code: 0x80520012 (NS_ERROR_FILE_NOT_FOUND) [amIAddonManagerStartup.readStartupData]"  nsresult: "0x80520012 (NS_ERROR_FILE_NOT_FOUND)"  location: "JS frame :: resource://gre/modules/addons/XPIProvider.jsm :: loadExtensionState :: line 1554"  data: no] Stack trace: loadExtensionState()@resource://gre/modules/addons/XPIProvider.jsm:1554 < getInstallState()@resource://gre/modules/addons/XPIProvider.jsm:1589 < checkForChanges()@resource://gre/modules/addons/XPIProvider.jsm:3109 < startup()@resource://gre/modules/addons/XPIProvider.jsm:2188 < callProvider()@resource://gre/modules/AddonManager.jsm:269 < _startProvider()@resource://gre/modules/AddonManager.jsm:739 < startup()@resource://gre/modules/AddonManager.jsm:906 < startup()@resource://gre/modules/AddonManager.jsm:3090 < observe()@jar:file:///D:/Program%20Files/Mozilla%20Firefox/omni.ja!/components/addonManager.js:65
1507872920821	Marionette	INFO	Enabled via --marionette
1507872922218	Marionette	INFO	Listening on port 11547
1507872923052	Marionette	WARN	TLS certificate errors will be ignored for this session
1507872923100	Marionette	DEBUG	Register listener.js for window 6442450945
1507872923150	Marionette	DEBUG	Received DOM event "beforeunload" for "about:blank"
1507872924169	Marionette	DEBUG	Received DOM event "pagehide" for "about:blank"
1507872924170	Marionette	DEBUG	Received DOM event "unload" for "about:blank"
1507872924183	Marionette	DEBUG	Received DOM event "DOMContentLoaded" for "http://localhost:8000/"
1507872924199	Marionette	DEBUG	Received DOM event "pageshow" for "http://localhost:8000/"
1507872924361	Marionette	INFO	New connections will no longer be accepted
1507875750941	geckodriver	INFO	geckodriver 0.19.0
1507875750952	geckodriver	INFO	Listening on 127.0.0.1:13089
1507875752995	mozrunner::runner	INFO	Running command: "D:\\Program Files\\Mozilla Firefox\\firefox.exe" "-marionette" "-profile" "C:\\Users\\homelink\\AppData\\Local\\Temp\\rust_mozprofile.5trEw4Mojb7Q"
1507875753581	addons.xpi	WARN	Error parsing extensions state: [Exception... "Component returned failure code: 0x80520012 (NS_ERROR_FILE_NOT_FOUND) [amIAddonManagerStartup.readStartupData]"  nsresult: "0x80520012 (NS_ERROR_FILE_NOT_FOUND)"  location: "JS frame :: resource://gre/modules/addons/XPIProvider.jsm :: loadExtensionState :: line 1554"  data: no] Stack trace: loadExtensionState()@resource://gre/modules/addons/XPIProvider.jsm:1554 < getInstallState()@resource://gre/modules/addons/XPIProvider.jsm:1589 < checkForChanges()@resource://gre/modules/addons/XPIProvider.jsm:3109 < startup()@resource://gre/modules/addons/XPIProvider.jsm:2188 < callProvider()@resource://gre/modules/AddonManager.jsm:269 < _startProvider()@resource://gre/modules/AddonManager.jsm:739 < startup()@resource://gre/modules/AddonManager.jsm:906 < startup()@resource://gre/modules/AddonManager.jsm:3090 < observe()@jar:file:///D:/Program%20Files/Mozilla%20Firefox/omni.ja!/components/addonManager.js:65
1507875753935	Marionette	INFO	Enabled via --marionette
Unable to read VR Path Registry from C:\Users\homelink\AppData\Local\openvr\openvrpaths.vrpath
[Parent 10848] WARNING: pipe error: 109: file z:/build/build/src/ipc/chromium/src/chrome/common/ipc_channel_win.cc, line 346
Unable to read VR Path Registry from C:\Users\homelink\AppData\Local\openvr\openvrpaths.vrpath
[Child 11348] WARNING: pipe error: 109: file z:/build/build/src/ipc/chromium/src/chrome/common/ipc_channel_win.cc, line 346
[Child 11348] WARNING: pipe error: 109: file z:/build/build/src/ipc/chromium/src/chrome/common/ipc_channel_win.cc, line 346
1507875755421	Marionette	INFO	Listening on port 13097
1507875756114	Marionette	WARN	TLS certificate errors will be ignored for this session
1507875756150	Marionette	DEBUG	Register listener.js for window 4294967297
1507875756189	Marionette	DEBUG	Received DOM event "beforeunload" for "about:blank"
1507875757202	Marionette	DEBUG	Received DOM event "pagehide" for "about:blank"
1507875757203	Marionette	DEBUG	Received DOM event "unload" for "about:blank"
1507875757236	Marionette	DEBUG	Received DOM event "DOMContentLoaded" for "http://localhost:8000/"
1507875757238	Marionette	DEBUG	Received DOM event "pageshow" for "http://localhost:8000/"
1507875758474	Marionette	INFO	New connections will no longer be accepted
1507875811705	geckodriver	INFO	geckodriver 0.19.0
1507875811713	geckodriver	INFO	Listening on 127.0.0.1:13167
1507875813766	mozrunner::runner	INFO	Running command: "D:\\Program Files\\Mozilla Firefox\\firefox.exe" "-marionette" "-profile" "C:\\Users\\homelink\\AppData\\Local\\Temp\\rust_mozprofile.gipmq629Pz0I"
1507875814315	addons.xpi	WARN	Error parsing extensions state: [Exception... "Component returned failure code: 0x80520012 (NS_ERROR_FILE_NOT_FOUND) [amIAddonManagerStartup.readStartupData]"  nsresult: "0x80520012 (NS_ERROR_FILE_NOT_FOUND)"  location: "JS frame :: resource://gre/modules/addons/XPIProvider.jsm :: loadExtensionState :: line 1554"  data: no] Stack trace: loadExtensionState()@resource://gre/modules/addons/XPIProvider.jsm:1554 < getInstallState()@resource://gre/modules/addons/XPIProvider.jsm:1589 < checkForChanges()@resource://gre/modules/addons/XPIProvider.jsm:3109 < startup()@resource://gre/modules/addons/XPIProvider.jsm:2188 < callProvider()@resource://gre/modules/AddonManager.jsm:269 < _startProvider()@resource://gre/modules/AddonManager.jsm:739 < startup()@resource://gre/modules/AddonManager.jsm:906 < startup()@resource://gre/modules/AddonManager.jsm:3090 < observe()@jar:file:///D:/Program%20Files/Mozilla%20Firefox/omni.ja!/components/addonManager.js:65
1507875814670	Marionette	INFO	Enabled via --marionette
Unable to read VR Path Registry from C:\Users\homelink\AppData\Local\openvr\openvrpaths.vrpath
[Child 11716] WARNING: pipe error: 109: file z:/build/build/src/ipc/chromium/src/chrome/common/ipc_channel_win.cc, line 346
[Child 11716] WARNING: pipe error: 109: file z:/build/build/src/ipc/chromium/src/chrome/common/ipc_channel_win.cc, line 346
1507875816125	Marionette	INFO	Listening on port 13175
1507875816889	Marionette	WARN	TLS certificate errors will be ignored for this session
1507875816939	Marionette	DEBUG	Register listener.js for window 6442450945
1507875816985	Marionette	DEBUG	Received DOM event "beforeunload" for "about:blank"
1507875818001	Marionette	DEBUG	Received DOM event "pagehide" for "about:blank"
1507875818001	Marionette	DEBUG	Received DOM event "unload" for "about:blank"
1507875818006	Marionette	DEBUG	Received DOM event "DOMContentLoaded" for "http://localhost:8000/"
1507875818013	Marionette	DEBUG	Received DOM event "pageshow" for "http://localhost:8000/"
1507875818188	Marionette	INFO	New connections will no longer be accepted
Unable to read VR Path Registry from C:\Users\homelink\AppData\Local\openvr\openvrpaths.vrpath
[Child 11764] WARNING: pipe error: 109: file z:/build/build/src/ipc/chromium/src/chrome/common/ipc_channel_win.cc, line 346
[Child 11764] WARNING: pipe error: 109: file z:/build/build/src/ipc/chromium/src/chrome/common/ipc_channel_win.cc, line 346
1507875922067	geckodriver	INFO	geckodriver 0.19.0
1507875922075	geckodriver	INFO	Listening on 127.0.0.1:13262
1507875924091	mozrunner::runner	INFO	Running command: "D:\\Program Files\\Mozilla Firefox\\firefox.exe" "-marionette" "-profile" "C:\\Users\\homelink\\AppData\\Local\\Temp\\rust_mozprofile.aQmPOhewRIOw"
1507875924301	addons.xpi	WARN	Error parsing extensions state: [Exception... "Component returned failure code: 0x80520012 (NS_ERROR_FILE_NOT_FOUND) [amIAddonManagerStartup.readStartupData]"  nsresult: "0x80520012 (NS_ERROR_FILE_NOT_FOUND)"  location: "JS frame :: resource://gre/modules/addons/XPIProvider.jsm :: loadExtensionState :: line 1554"  data: no] Stack trace: loadExtensionState()@resource://gre/modules/addons/XPIProvider.jsm:1554 < getInstallState()@resource://gre/modules/addons/XPIProvider.jsm:1589 < checkForChanges()@resource://gre/modules/addons/XPIProvider.jsm:3109 < startup()@resource://gre/modules/addons/XPIProvider.jsm:2188 < callProvider()@resource://gre/modules/AddonManager.jsm:269 < _startProvider()@resource://gre/modules/AddonManager.jsm:739 < startup()@resource://gre/modules/AddonManager.jsm:906 < startup()@resource://gre/modules/AddonManager.jsm:3090 < observe()@jar:file:///D:/Program%20Files/Mozilla%20Firefox/omni.ja!/components/addonManager.js:65
1507875924655	Marionette	INFO	Enabled via --marionette
Unable to read VR Path Registry from C:\Users\homelink\AppData\Local\openvr\openvrpaths.vrpath
[Child 7940] WARNING: pipe error: 109: file z:/build/build/src/ipc/chromium/src/chrome/common/ipc_channel_win.cc, line 346
[Child 7940] WARNING: pipe error: 109: file z:/build/build/src/ipc/chromium/src/chrome/common/ipc_channel_win.cc, line 346
1507875926101	Marionette	INFO	Listening on port 13270
1507875926195	Marionette	WARN	TLS certificate errors will be ignored for this session
1507875926228	Marionette	DEBUG	Register listener.js for window 6442450945
1507875926294	Marionette	DEBUG	Received DOM event "beforeunload" for "about:blank"
1507875927310	Marionette	DEBUG	Received DOM event "pagehide" for "about:blank"
1507875927310	Marionette	DEBUG	Received DOM event "unload" for "about:blank"
1507875927319	Marionette	DEBUG	Received DOM event "DOMContentLoaded" for "http://localhost:8000/"
1507875927320	Marionette	DEBUG	Received DOM event "pageshow" for "http://localhost:8000/"
1507875928517	Marionette	INFO	New connections will no longer be accepted
1507876206247	geckodriver	INFO	geckodriver 0.19.0
1507876206258	geckodriver	INFO	Listening on 127.0.0.1:13445
1507876208296	mozrunner::runner	INFO	Running command: "D:\\Program Files\\Mozilla Firefox\\firefox.exe" "-marionette" "-profile" "C:\\Users\\homelink\\AppData\\Local\\Temp\\rust_mozprofile.RpT0DIO5eLA4"
1507876208908	addons.xpi	WARN	Error parsing extensions state: [Exception... "Component returned failure code: 0x80520012 (NS_ERROR_FILE_NOT_FOUND) [amIAddonManagerStartup.readStartupData]"  nsresult: "0x80520012 (NS_ERROR_FILE_NOT_FOUND)"  location: "JS frame :: resource://gre/modules/addons/XPIProvider.jsm :: loadExtensionState :: line 1554"  data: no] Stack trace: loadExtensionState()@resource://gre/modules/addons/XPIProvider.jsm:1554 < getInstallState()@resource://gre/modules/addons/XPIProvider.jsm:1589 < checkForChanges()@resource://gre/modules/addons/XPIProvider.jsm:3109 < startup()@resource://gre/modules/addons/XPIProvider.jsm:2188 < callProvider()@resource://gre/modules/AddonManager.jsm:269 < _startProvider()@resource://gre/modules/AddonManager.jsm:739 < startup()@resource://gre/modules/AddonManager.jsm:906 < startup()@resource://gre/modules/AddonManager.jsm:3090 < observe()@jar:file:///D:/Program%20Files/Mozilla%20Firefox/omni.ja!/components/addonManager.js:65
1507876209272	Marionette	INFO	Enabled via --marionette
Unable to read VR Path Registry from C:\Users\homelink\AppData\Local\openvr\openvrpaths.vrpath
[Parent 11676] WARNING: pipe error: 109: file z:/build/build/src/ipc/chromium/src/chrome/common/ipc_channel_win.cc, line 346
Unable to read VR Path Registry from C:\Users\homelink\AppData\Local\openvr\openvrpaths.vrpath
[Child 11268] WARNING: pipe error: 109: file z:/build/build/src/ipc/chromium/src/chrome/common/ipc_channel_win.cc, line 346
[Child 11268] WARNING: pipe error: 109: file z:/build/build/src/ipc/chromium/src/chrome/common/ipc_channel_win.cc, line 346
1507876210796	Marionette	INFO	Listening on port 13451
1507876211430	Marionette	WARN	TLS certificate errors will be ignored for this session
1507876211479	Marionette	DEBUG	Register listener.js for window 6442450945
1507876211529	Marionette	DEBUG	Received DOM event "beforeunload" for "about:blank"
1507876212546	Marionette	DEBUG	Received DOM event "pagehide" for "about:blank"
1507876212546	Marionette	DEBUG	Received DOM event "unload" for "about:blank"
1507876212554	Marionette	DEBUG	Received DOM event "DOMContentLoaded" for "http://localhost:8000/"
1507876212561	Marionette	DEBUG	Received DOM event "pageshow" for "http://localhost:8000/"
1507876213789	Marionette	INFO	New connections will no longer be accepted
[Parent 11676] WARNING: pipe error: 109: file z:/build/build/src/ipc/chromium/src/chrome/common/ipc_channel_win.cc, line 346
1507876442516	geckodriver	INFO	geckodriver 0.19.0
1507876442526	geckodriver	INFO	Listening on 127.0.0.1:13594
1507876444583	mozrunner::runner	INFO	Running command: "D:\\Program Files\\Mozilla Firefox\\firefox.exe" "-marionette" "-profile" "C:\\Users\\homelink\\AppData\\Local\\Temp\\rust_mozprofile.pP5xyeXwK4Bs"
1507876444800	addons.xpi	WARN	Error parsing extensions state: [Exception... "Component returned failure code: 0x80520012 (NS_ERROR_FILE_NOT_FOUND) [amIAddonManagerStartup.readStartupData]"  nsresult: "0x80520012 (NS_ERROR_FILE_NOT_FOUND)"  location: "JS frame :: resource://gre/modules/addons/XPIProvider.jsm :: loadExtensionState :: line 1554"  data: no] Stack trace: loadExtensionState()@resource://gre/modules/addons/XPIProvider.jsm:1554 < getInstallState()@resource://gre/modules/addons/XPIProvider.jsm:1589 < checkForChanges()@resource://gre/modules/addons/XPIProvider.jsm:3109 < startup()@resource://gre/modules/addons/XPIProvider.jsm:2188 < callProvider()@resource://gre/modules/AddonManager.jsm:269 < _startProvider()@resource://gre/modules/AddonManager.jsm:739 < startup()@resource://gre/modules/AddonManager.jsm:906 < startup()@resource://gre/modules/AddonManager.jsm:3090 < observe()@jar:file:///D:/Program%20Files/Mozilla%20Firefox/omni.ja!/components/addonManager.js:65
1507876445171	Marionette	INFO	Enabled via --marionette
Unable to read VR Path Registry from C:\Users\homelink\AppData\Local\openvr\openvrpaths.vrpath
[Parent 11420] WARNING: pipe error: 109: file z:/build/build/src/ipc/chromium/src/chrome/common/ipc_channel_win.cc, line 346
Unable to read VR Path Registry from C:\Users\homelink\AppData\Local\openvr\openvrpaths.vrpath
[Child 8828] WARNING: pipe error: 109: file z:/build/build/src/ipc/chromium/src/chrome/common/ipc_channel_win.cc, line 346
[Child 8828] WARNING: pipe error: 109: file z:/build/build/src/ipc/chromium/src/chrome/common/ipc_channel_win.cc, line 346
1507876446815	Marionette	INFO	Listening on port 13600
1507876447708	Marionette	WARN	TLS certificate errors will be ignored for this session
1507876447749	Marionette	DEBUG	Register listener.js for window 6442450945
1507876447791	Marionette	DEBUG	Received DOM event "beforeunload" for "about:blank"
1507876448813	Marionette	DEBUG	Received DOM event "pagehide" for "about:blank"
1507876448814	Marionette	DEBUG	Received DOM event "unload" for "about:blank"
1507876448819	Marionette	DEBUG	Received DOM event "DOMContentLoaded" for "http://localhost:8000/"
1507876448827	Marionette	DEBUG	Received DOM event "pageshow" for "http://localhost:8000/"
1507876450062	Marionette	INFO	New connections will no longer be accepted
1507876471914	geckodriver	INFO	geckodriver 0.19.0
1507876471922	geckodriver	INFO	Listening on 127.0.0.1:13656
1507876473950	mozrunner::runner	INFO	Running command: "D:\\Program Files\\Mozilla Firefox\\firefox.exe" "-marionette" "-profile" "C:\\Users\\homelink\\AppData\\Local\\Temp\\rust_mozprofile.QKU1Oq1wLEo9"
1507876474561	addons.xpi	WARN	Error parsing extensions state: [Exception... "Component returned failure code: 0x80520012 (NS_ERROR_FILE_NOT_FOUND) [amIAddonManagerStartup.readStartupData]"  nsresult: "0x80520012 (NS_ERROR_FILE_NOT_FOUND)"  location: "JS frame :: resource://gre/modules/addons/XPIProvider.jsm :: loadExtensionState :: line 1554"  data: no] Stack trace: loadExtensionState()@resource://gre/modules/addons/XPIProvider.jsm:1554 < getInstallState()@resource://gre/modules/addons/XPIProvider.jsm:1589 < checkForChanges()@resource://gre/modules/addons/XPIProvider.jsm:3109 < startup()@resource://gre/modules/addons/XPIProvider.jsm:2188 < callProvider()@resource://gre/modules/AddonManager.jsm:269 < _startProvider()@resource://gre/modules/AddonManager.jsm:739 < startup()@resource://gre/modules/AddonManager.jsm:906 < startup()@resource://gre/modules/AddonManager.jsm:3090 < observe()@jar:file:///D:/Program%20Files/Mozilla%20Firefox/omni.ja!/components/addonManager.js:65
1507876474948	Marionette	INFO	Enabled via --marionette
Unable to read VR Path Registry from C:\Users\homelink\AppData\Local\openvr\openvrpaths.vrpath
[Parent 11388] WARNING: pipe error: 109: file z:/build/build/src/ipc/chromium/src/chrome/common/ipc_channel_win.cc, line 346
Unable to read VR Path Registry from C:\Users\homelink\AppData\Local\openvr\openvrpaths.vrpath
[Child 11300] WARNING: pipe error: 109: file z:/build/build/src/ipc/chromium/src/chrome/common/ipc_channel_win.cc, line 346
[Child 11300] WARNING: pipe error: 109: file z:/build/build/src/ipc/chromium/src/chrome/common/ipc_channel_win.cc, line 346
1507876476499	Marionette	INFO	Listening on port 13664
1507876477078	Marionette	WARN	TLS certificate errors will be ignored for this session
1507876477111	Marionette	DEBUG	Register listener.js for window 4294967297
1507876477149	Marionette	DEBUG	Received DOM event "beforeunload" for "about:blank"
1507876478167	Marionette	DEBUG	Received DOM event "pagehide" for "about:blank"
1507876478167	Marionette	DEBUG	Received DOM event "unload" for "about:blank"
1507876478176	Marionette	DEBUG	Received DOM event "DOMContentLoaded" for "http://localhost:8000/"
1507876478184	Marionette	DEBUG	Received DOM event "pageshow" for "http://localhost:8000/"
1507876478406	Marionette	INFO	New connections will no longer be accepted
[Parent 11388] WARNING: pipe error: 109: file z:/build/build/src/ipc/chromium/src/chrome/common/ipc_channel_win.cc, line 346
1507877282062	geckodriver	INFO	geckodriver 0.19.0
1507877282071	geckodriver	INFO	Listening on 127.0.0.1:14039
1507877284090	mozrunner::runner	INFO	Running command: "D:\\Program Files\\Mozilla Firefox\\firefox.exe" "-marionette" "-profile" "C:\\Users\\homelink\\AppData\\Local\\Temp\\rust_mozprofile.k5DRQLdn988t"
1507877284305	addons.xpi	WARN	Error parsing extensions state: [Exception... "Component returned failure code: 0x80520012 (NS_ERROR_FILE_NOT_FOUND) [amIAddonManagerStartup.readStartupData]"  nsresult: "0x80520012 (NS_ERROR_FILE_NOT_FOUND)"  location: "JS frame :: resource://gre/modules/addons/XPIProvider.jsm :: loadExtensionState :: line 1554"  data: no] Stack trace: loadExtensionState()@resource://gre/modules/addons/XPIProvider.jsm:1554 < getInstallState()@resource://gre/modules/addons/XPIProvider.jsm:1589 < checkForChanges()@resource://gre/modules/addons/XPIProvider.jsm:3109 < startup()@resource://gre/modules/addons/XPIProvider.jsm:2188 < callProvider()@resource://gre/modules/AddonManager.jsm:269 < _startProvider()@resource://gre/modules/AddonManager.jsm:739 < startup()@resource://gre/modules/AddonManager.jsm:906 < startup()@resource://gre/modules/AddonManager.jsm:3090 < observe()@jar:file:///D:/Program%20Files/Mozilla%20Firefox/omni.ja!/components/addonManager.js:65
1507877284667	Marionette	INFO	Enabled via --marionette
Unable to read VR Path Registry from C:\Users\homelink\AppData\Local\openvr\openvrpaths.vrpath
[Parent 12240] WARNING: pipe error: 109: file z:/build/build/src/ipc/chromium/src/chrome/common/ipc_channel_win.cc, line 346
Unable to read VR Path Registry from C:\Users\homelink\AppData\Local\openvr\openvrpaths.vrpath
[Child 12176] WARNING: pipe error: 109: file z:/build/build/src/ipc/chromium/src/chrome/common/ipc_channel_win.cc, line 346
[Child 12176] WARNING: pipe error: 109: file z:/build/build/src/ipc/chromium/src/chrome/common/ipc_channel_win.cc, line 346
1507877286084	Marionette	INFO	Listening on port 14045
1507877286144	Marionette	WARN	TLS certificate errors will be ignored for this session
1507877286178	Marionette	DEBUG	Register listener.js for window 6442450945
1507877286233	Marionette	DEBUG	Received DOM event "beforeunload" for "about:blank"
1507877287269	Marionette	DEBUG	Received DOM event "pagehide" for "about:blank"
1507877287270	Marionette	DEBUG	Received DOM event "unload" for "about:blank"
1507877287281	Marionette	DEBUG	Received DOM event "DOMContentLoaded" for "http://localhost:8000/"
1507877287288	Marionette	DEBUG	Received DOM event "pageshow" for "http://localhost:8000/"
*************************
A coding exception was thrown and uncaught in a Task.

Full message: TypeError: can't access dead object
Full stack: find_@chrome://marionette/content/element.js:302:7
element.find/</findElements<@chrome://marionette/content/element.js:267:17
evalFn@chrome://marionette/content/wait.js:90:7

*************************
*************************
A coding exception was thrown and uncaught in a Task.

Full message: TypeError: can't access dead object
Full stack: find_@chrome://marionette/content/element.js:302:7
element.find/</findElements<@chrome://marionette/content/element.js:267:17
evalFn@chrome://marionette/content/wait.js:90:7

*************************
Marionette threw an error: [Exception... "Component returned failure code: 0x80070057 (NS_ERROR_ILLEGAL_VALUE) [nsIMessageSender.sendAsyncMessage]"  nsresult: "0x80070057 (NS_ERROR_ILLEGAL_VALUE)"  location: "JS frame :: chrome://marionette/content/proxy.js :: sendReply_ :: line 273"  data: no]
sendReply_@chrome://marionette/content/proxy.js:273:5
reply@chrome://marionette/content/proxy.js:253:7
sendToServer@chrome://marionette/content/listener.js:730:3
sendError@chrome://marionette/content/listener.js:764:3
dispatch/</<@chrome://marionette/content/listener.js:530:40

[Parent 12240] WARNING: pipe error: 109: file z:/build/build/src/ipc/chromium/src/chrome/common/ipc_channel_win.cc, line 346
Unable to read VR Path Registry from C:\Users\homelink\AppData\Local\openvr\openvrpaths.vrpath
[Child 11732] WARNING: pipe error: 109: file z:/build/build/src/ipc/chromium/src/chrome/common/ipc_channel_win.cc, line 346
[Child 11732] WARNING: pipe error: 109: file z:/build/build/src/ipc/chromium/src/chrome/common/ipc_channel_win.cc, line 346
Unable to read VR Path Registry from C:\Users\homelink\AppData\Local\openvr\openvrpaths.vrpath
[Child 11356] WARNING: pipe error: 109: file z:/build/build/src/ipc/chromium/src/chrome/common/ipc_channel_win.cc, line 346
[Child 11356] WARNING: pipe error: 109: file z:/build/build/src/ipc/chromium/src/chrome/common/ipc_channel_win.cc, line 346
1507877298064	Marionette	INFO	New connections will no longer be accepted
1507877301056	geckodriver	INFO	geckodriver 0.19.0
1507877301064	geckodriver	INFO	Listening on 127.0.0.1:14104
1507877303117	mozrunner::runner	INFO	Running command: "D:\\Program Files\\Mozilla Firefox\\firefox.exe" "-marionette" "-profile" "C:\\Users\\homelink\\AppData\\Local\\Temp\\rust_mozprofile.HQSZBKWNMKQl"
1507877303679	addons.xpi	WARN	Error parsing extensions state: [Exception... "Component returned failure code: 0x80520012 (NS_ERROR_FILE_NOT_FOUND) [amIAddonManagerStartup.readStartupData]"  nsresult: "0x80520012 (NS_ERROR_FILE_NOT_FOUND)"  location: "JS frame :: resource://gre/modules/addons/XPIProvider.jsm :: loadExtensionState :: line 1554"  data: no] Stack trace: loadExtensionState()@resource://gre/modules/addons/XPIProvider.jsm:1554 < getInstallState()@resource://gre/modules/addons/XPIProvider.jsm:1589 < checkForChanges()@resource://gre/modules/addons/XPIProvider.jsm:3109 < startup()@resource://gre/modules/addons/XPIProvider.jsm:2188 < callProvider()@resource://gre/modules/AddonManager.jsm:269 < _startProvider()@resource://gre/modules/AddonManager.jsm:739 < startup()@resource://gre/modules/AddonManager.jsm:906 < startup()@resource://gre/modules/AddonManager.jsm:3090 < observe()@jar:file:///D:/Program%20Files/Mozilla%20Firefox/omni.ja!/components/addonManager.js:65
1507877304059	Marionette	INFO	Enabled via --marionette
Unable to read VR Path Registry from C:\Users\homelink\AppData\Local\openvr\openvrpaths.vrpath
[Child 10052] WARNING: pipe error: 109: file z:/build/build/src/ipc/chromium/src/chrome/common/ipc_channel_win.cc, line 346
[Child 10052] WARNING: pipe error: 109: file z:/build/build/src/ipc/chromium/src/chrome/common/ipc_channel_win.cc, line 346
1507877305624	Marionette	INFO	Listening on port 14110
1507877306236	Marionette	WARN	TLS certificate errors will be ignored for this session
1507877306279	Marionette	DEBUG	Register listener.js for window 6442450945
1507877306334	Marionette	DEBUG	Received DOM event "beforeunload" for "about:blank"
1507877307351	Marionette	DEBUG	Received DOM event "pagehide" for "about:blank"
1507877307352	Marionette	DEBUG	Received DOM event "unload" for "about:blank"
1507877307357	Marionette	DEBUG	Received DOM event "DOMContentLoaded" for "http://localhost:8000/"
1507877307363	Marionette	DEBUG	Received DOM event "pageshow" for "http://localhost:8000/"
1507877320545	Marionette	INFO	New connections will no longer be accepted
Unable to read VR Path Registry from C:\Users\homelink\AppData\Local\openvr\openvrpaths.vrpath
[Parent 10772] WARNING: pipe error: 109: file z:/build/build/src/ipc/chromium/src/chrome/common/ipc_channel_win.cc, line 346
1507877584286	geckodriver	INFO	geckodriver 0.19.0
1507877584297	geckodriver	INFO	Listening on 127.0.0.1:14280
1507877586333	mozrunner::runner	INFO	Running command: "D:\\Program Files\\Mozilla Firefox\\firefox.exe" "-marionette" "-profile" "C:\\Users\\homelink\\AppData\\Local\\Temp\\rust_mozprofile.qoXT2cwHB2pS"
1507877586852	addons.xpi	WARN	Error parsing extensions state: [Exception... "Component returned failure code: 0x80520012 (NS_ERROR_FILE_NOT_FOUND) [amIAddonManagerStartup.readStartupData]"  nsresult: "0x80520012 (NS_ERROR_FILE_NOT_FOUND)"  location: "JS frame :: resource://gre/modules/addons/XPIProvider.jsm :: loadExtensionState :: line 1554"  data: no] Stack trace: loadExtensionState()@resource://gre/modules/addons/XPIProvider.jsm:1554 < getInstallState()@resource://gre/modules/addons/XPIProvider.jsm:1589 < checkForChanges()@resource://gre/modules/addons/XPIProvider.jsm:3109 < startup()@resource://gre/modules/addons/XPIProvider.jsm:2188 < callProvider()@resource://gre/modules/AddonManager.jsm:269 < _startProvider()@resource://gre/modules/AddonManager.jsm:739 < startup()@resource://gre/modules/AddonManager.jsm:906 < startup()@resource://gre/modules/AddonManager.jsm:3090 < observe()@jar:file:///D:/Program%20Files/Mozilla%20Firefox/omni.ja!/components/addonManager.js:65
1507877587220	Marionette	INFO	Enabled via --marionette
Unable to read VR Path Registry from C:\Users\homelink\AppData\Local\openvr\openvrpaths.vrpath
[Child 9388] WARNING: pipe error: 109: file z:/build/build/src/ipc/chromium/src/chrome/common/ipc_channel_win.cc, line 346
[Child 9388] WARNING: pipe error: 109: file z:/build/build/src/ipc/chromium/src/chrome/common/ipc_channel_win.cc, line 346
1507877588693	Marionette	INFO	Listening on port 14294
1507877589536	Marionette	WARN	TLS certificate errors will be ignored for this session
1507877589570	Marionette	DEBUG	Register listener.js for window 6442450945
1507877589610	Marionette	DEBUG	Received DOM event "beforeunload" for "about:blank"
1507877590671	Marionette	DEBUG	Received DOM event "pagehide" for "about:blank"
1507877590671	Marionette	DEBUG	Received DOM event "unload" for "about:blank"
1507877590676	Marionette	DEBUG	Received DOM event "DOMContentLoaded" for "http://localhost:8000/"
1507877590685	Marionette	DEBUG	Received DOM event "pageshow" for "http://localhost:8000/"
Unable to read VR Path Registry from C:\Users\homelink\AppData\Local\openvr\openvrpaths.vrpath
[Parent 10588] WARNING: pipe error: 109: file z:/build/build/src/ipc/chromium/src/chrome/common/ipc_channel_win.cc, line 346
Unable to read VR Path Registry from C:\Users\homelink\AppData\Local\openvr\openvrpaths.vrpath
[Child 11620] WARNING: pipe error: 109: file z:/build/build/src/ipc/chromium/src/chrome/common/ipc_channel_win.cc, line 346
[Child 11620] WARNING: pipe error: 109: file z:/build/build/src/ipc/chromium/src/chrome/common/ipc_channel_win.cc, line 346
Unable to read VR Path Registry from C:\Users\homelink\AppData\Local\openvr\openvrpaths.vrpath
[Child 11060] WARNING: pipe error: 109: file z:/build/build/src/ipc/chromium/src/chrome/common/ipc_channel_win.cc, line 346
[Child 11060] WARNING: pipe error: 109: file z:/build/build/src/ipc/chromium/src/chrome/common/ipc_channel_win.cc, line 346
*** UTM:SVC TimerManager:registerTimer called after profile-before-change notification. Ignoring timer registration for id: telemetry_modules_ping
Unable to read VR Path Registry from C:\Users\homelink\AppData\Local\openvr\openvrpaths.vrpath
[GPU 10528] WARNING: pipe error: 109: file z:/build/build/src/ipc/chromium/src/chrome/common/ipc_channel_win.cc, line 346
1507877602427	geckodriver	INFO	geckodriver 0.19.0
1507877602436	geckodriver	INFO	Listening on 127.0.0.1:14349
1507877604490	mozrunner::runner	INFO	Running command: "D:\\Program Files\\Mozilla Firefox\\firefox.exe" "-marionette" "-profile" "C:\\Users\\homelink\\AppData\\Local\\Temp\\rust_mozprofile.ZrNBMCNfwuXp"
1507877605067	addons.xpi	WARN	Error parsing extensions state: [Exception... "Component returned failure code: 0x80520012 (NS_ERROR_FILE_NOT_FOUND) [amIAddonManagerStartup.readStartupData]"  nsresult: "0x80520012 (NS_ERROR_FILE_NOT_FOUND)"  location: "JS frame :: resource://gre/modules/addons/XPIProvider.jsm :: loadExtensionState :: line 1554"  data: no] Stack trace: loadExtensionState()@resource://gre/modules/addons/XPIProvider.jsm:1554 < getInstallState()@resource://gre/modules/addons/XPIProvider.jsm:1589 < checkForChanges()@resource://gre/modules/addons/XPIProvider.jsm:3109 < startup()@resource://gre/modules/addons/XPIProvider.jsm:2188 < callProvider()@resource://gre/modules/AddonManager.jsm:269 < _startProvider()@resource://gre/modules/AddonManager.jsm:739 < startup()@resource://gre/modules/AddonManager.jsm:906 < startup()@resource://gre/modules/AddonManager.jsm:3090 < observe()@jar:file:///D:/Program%20Files/Mozilla%20Firefox/omni.ja!/components/addonManager.js:65
1507877605433	Marionette	INFO	Enabled via --marionette
Unable to read VR Path Registry from C:\Users\homelink\AppData\Local\openvr\openvrpaths.vrpath
[Child 11100] WARNING: pipe error: 109: file z:/build/build/src/ipc/chromium/src/chrome/common/ipc_channel_win.cc, line 346
[Child 11100] WARNING: pipe error: 109: file z:/build/build/src/ipc/chromium/src/chrome/common/ipc_channel_win.cc, line 346
1507877607004	Marionette	INFO	Listening on port 14355
1507877607605	Marionette	WARN	TLS certificate errors will be ignored for this session
1507877607639	Marionette	DEBUG	Register listener.js for window 6442450945
1507877607681	Marionette	DEBUG	Received DOM event "beforeunload" for "about:blank"
1507877608695	Marionette	DEBUG	Received DOM event "pagehide" for "about:blank"
1507877608695	Marionette	DEBUG	Received DOM event "unload" for "about:blank"
1507877608710	Marionette	DEBUG	Received DOM event "DOMContentLoaded" for "http://localhost:8000/"
1507877608726	Marionette	DEBUG	Received DOM event "pageshow" for "http://localhost:8000/"
1507877621936	Marionette	INFO	New connections will no longer be accepted
